
Sep 20, 2023 23:12:42.594 NEW SESSION
Sep 20, 2023 23:12:42.594 INFO: Created TensorFlow Lite XNNPACK delegate for CPU.
Sep 20, 2023 23:15:17.56 INFO: Created TensorFlow Lite XNNPACK delegate for CPU.
Sep 20, 2023 23:19:30.451 [2236:7776:0920/231930.451:ERROR:connection_factory_impl.cc(471)] ConnectionHandler failed with net error: -2
Sep 20, 2023 23:19:32.497 [2236:7776:0920/231932.497:ERROR:connection_factory_impl.cc(428)] Failed to connect to MCS endpoint with error -106
Sep 20, 2023 23:19:32.999 [2236:7776:0920/231932.999:ERROR:connection_factory_impl.cc(428)] Failed to connect to MCS endpoint with error -106
Sep 20, 2023 23:21:26.116 [2236:7776:0920/232126.115:ERROR:connection_factory_impl.cc(471)] ConnectionHandler failed with net error: -2
Sep 20, 2023 23:21:26.170 [2236:7776:0920/232126.170:ERROR:connection_factory_impl.cc(428)] Failed to connect to MCS endpoint with error -105
Sep 20, 2023 23:21:28.194 [2236:7776:0920/232128.193:ERROR:connection_factory_impl.cc(428)] Failed to connect to MCS endpoint with error -106
Sep 20, 2023 23:21:52.822 [2236:696:0920/232152.821:ERROR:device_event_log_impl.cc(222)] [23:21:52.821] USB: usb_service_win.cc:104 SetupDiGetDeviceProperty({{A45C254E-DF1C-4EFD-8020-67D146A850E0}, 6}) failed: Element not found. (0x490)
Sep 20, 2023 23:39:29.581 INFO: Created TensorFlow Lite XNNPACK delegate for CPU.
Sep 20, 2023 23:46:35.24 INFO: Created TensorFlow Lite XNNPACK delegate for CPU.
Sep 20, 2023 23:51:11.656 INFO: Created TensorFlow Lite XNNPACK delegate for CPU.
Sep 20, 2023 23:59:14.12 INFO: Created TensorFlow Lite XNNPACK delegate for CPU.

Sep 21, 2023 24:24:34.323 NEW SESSION
Sep 21, 2023 24:24:34.323 INFO: Created TensorFlow Lite XNNPACK delegate for CPU.
Sep 21, 2023 24:25:25.811 INFO: Created TensorFlow Lite XNNPACK delegate for CPU.

Sep 21, 2023 24:49:17.801 NEW SESSION
Sep 21, 2023 24:49:17.801 INFO: Created TensorFlow Lite XNNPACK delegate for CPU.
Sep 21, 2023 24:57:32.551 INFO: Created TensorFlow Lite XNNPACK delegate for CPU.
Sep 21, 2023 01:39:59.583 INFO: Created TensorFlow Lite XNNPACK delegate for CPU.

Sep 21, 2023 02:15:16.415 NEW SESSION
Sep 21, 2023 02:15:16.415 INFO: Created TensorFlow Lite XNNPACK delegate for CPU.

Sep 21, 2023 20:03:04.448 NEW SESSION
Sep 21, 2023 20:03:04.448 [0921/200304.446:ERROR:settings.cc(405)] Settings magic is not 1129342067
Sep 21, 2023 20:03:09.172 INFO: Created TensorFlow Lite XNNPACK delegate for CPU.

Sep 21, 2023 22:28:54.575 NEW SESSION
Sep 21, 2023 22:28:54.575 INFO: Created TensorFlow Lite XNNPACK delegate for CPU.

Sep 22, 2023 19:31:49.684 NEW SESSION
Sep 22, 2023 19:31:49.684 INFO: Created TensorFlow Lite XNNPACK delegate for CPU.

Sep 23, 2023 24:25:04.806 NEW SESSION
Sep 23, 2023 24:25:04.806 INFO: Created TensorFlow Lite XNNPACK delegate for CPU.

Sep 23, 2023 20:08:23.689 NEW SESSION
Sep 23, 2023 20:08:23.689 INFO: Created TensorFlow Lite XNNPACK delegate for CPU.

Sep 23, 2023 21:21:42.223 NEW SESSION
Sep 23, 2023 21:21:42.223 INFO: Created TensorFlow Lite XNNPACK delegate for CPU.
